2020-01-01 11:15:12,941 INFO Starting Nacos v1.2.0-SNAPSHOT on ZOJIANdeiMac.local with PID 1553 (/Volumes/Software/github/family-training-camp/tomato-clock-backend/nacos/target/nacos-server.jar started by zojian in /Volumes/Software/github/family-training-camp/tomato-clock-backend/nacos/bin)

2020-01-01 11:15:12,944 INFO The following profiles are active: standalone

2020-01-01 11:15:14,620 INFO Bean 'org.springframework.security.config.annotation.configuration.ObjectPostProcessorConfiguration' of type [org.springframework.security.config.annotation.configuration.ObjectPostProcessorConfiguration$$EnhancerBySpringCGLIB$$11650c4] is not eligible for getting processed by all BeanPostProcessors (for example: not eligible for auto-proxying)

2020-01-01 11:15:14,716 INFO Bean 'objectPostProcessor' of type [org.springframework.security.config.annotation.configuration.AutowireBeanFactoryObjectPostProcessor] is not eligible for getting processed by all BeanPostProcessors (for example: not eligible for auto-proxying)

2020-01-01 11:15:14,719 INFO Bean 'org.springframework.security.access.expression.method.DefaultMethodSecurityExpressionHandler@302c971f' of type [org.springframework.security.access.expression.method.DefaultMethodSecurityExpressionHandler] is not eligible for getting processed by all BeanPostProcessors (for example: not eligible for auto-proxying)

2020-01-01 11:15:14,721 INFO Bean 'org.springframework.security.config.annotation.method.configuration.GlobalMethodSecurityConfiguration' of type [org.springframework.security.config.annotation.method.configuration.GlobalMethodSecurityConfiguration$$EnhancerBySpringCGLIB$$25eaf376] is not eligible for getting processed by all BeanPostProcessors (for example: not eligible for auto-proxying)

2020-01-01 11:15:14,725 INFO Bean 'methodSecurityMetadataSource' of type [org.springframework.security.access.method.DelegatingMethodSecurityMetadataSource] is not eligible for getting processed by all BeanPostProcessors (for example: not eligible for auto-proxying)

2020-01-01 11:15:15,137 INFO Tomcat initialized with port(s): 8848 (http)

2020-01-01 11:15:15,160 INFO Starting service [Tomcat]

2020-01-01 11:15:15,160 INFO Starting Servlet Engine: Apache Tomcat/9.0.13

2020-01-01 11:15:15,170 INFO The APR based Apache Tomcat Native library which allows optimal performance in production environments was not found on the java.library.path: [/Users/zojian/Library/Java/Extensions:/Library/Java/Extensions:/Network/Library/Java/Extensions:/System/Library/Java/Extensions:/usr/lib/java:.]

2020-01-01 11:15:15,242 INFO Initializing Spring embedded WebApplicationContext

2020-01-01 11:15:15,242 INFO Root WebApplicationContext: initialization completed in 2253 ms

2020-01-01 11:15:15,828 INFO Use Mysql 8 as the driver

2020-01-01 11:15:16,915 INFO Initializing ExecutorService 'applicationTaskExecutor'

2020-01-01 11:15:17,056 INFO Adding welcome page: class path resource [static/index.html]

2020-01-01 11:15:17,323 INFO Creating filter chain: Ant [pattern='/'], []

2020-01-01 11:15:17,323 INFO Creating filter chain: Ant [pattern='/**/*.css'], []

2020-01-01 11:15:17,323 INFO Creating filter chain: Ant [pattern='/**/*.js'], []

2020-01-01 11:15:17,323 INFO Creating filter chain: Ant [pattern='/**/*.html'], []

2020-01-01 11:15:17,324 INFO Creating filter chain: Ant [pattern='/**/*.map'], []

2020-01-01 11:15:17,324 INFO Creating filter chain: Ant [pattern='/**/*.svg'], []

2020-01-01 11:15:17,324 INFO Creating filter chain: Ant [pattern='/**/*.png'], []

2020-01-01 11:15:17,324 INFO Creating filter chain: Ant [pattern='/**/*.ico'], []

2020-01-01 11:15:17,324 INFO Creating filter chain: Ant [pattern='/console-fe/public/**'], []

2020-01-01 11:15:17,324 INFO Creating filter chain: Ant [pattern='/v1/auth/login'], []

2020-01-01 11:15:17,324 INFO Creating filter chain: Ant [pattern='/v1/console/health/**'], []

2020-01-01 11:15:17,324 INFO Creating filter chain: Ant [pattern='/v1/cs/**'], []

2020-01-01 11:15:17,324 INFO Creating filter chain: Ant [pattern='/v1/ns/**'], []

2020-01-01 11:15:17,324 INFO Creating filter chain: Ant [pattern='/v1/cmdb/**'], []

2020-01-01 11:15:17,324 INFO Creating filter chain: Ant [pattern='/actuator/**'], []

2020-01-01 11:15:17,324 INFO Creating filter chain: Ant [pattern='/v1/console/server/**'], []

2020-01-01 11:15:17,352 INFO Creating filter chain: any request, [org.springframework.security.web.context.request.async.WebAsyncManagerIntegrationFilter@58ebfd03, org.springframework.security.web.context.SecurityContextPersistenceFilter@60dce7ea, org.springframework.security.web.header.HeaderWriterFilter@1c7fd41f, org.springframework.web.filter.CorsFilter@20f5281c, org.springframework.security.web.authentication.logout.LogoutFilter@6f8f9349, com.alibaba.nacos.console.filter.JwtAuthenticationTokenFilter@5b07730f, org.springframework.security.web.savedrequest.RequestCacheAwareFilter@fd8294b, org.springframework.security.web.servletapi.SecurityContextHolderAwareRequestFilter@1ef3efa8, org.springframework.security.web.authentication.AnonymousAuthenticationFilter@1fdfafd2, org.springframework.security.web.session.SessionManagementFilter@7b324585, org.springframework.security.web.access.ExceptionTranslationFilter@3fffff43, org.springframework.security.web.access.intercept.FilterSecurityInterceptor@5b43fbf6]

2020-01-01 11:15:17,422 INFO Exposing 2 endpoint(s) beneath base path '/actuator'

2020-01-01 11:15:17,446 INFO Initializing ExecutorService 'taskScheduler'

2020-01-01 11:15:17,527 INFO Tomcat started on port(s): 8848 (http) with context path '/nacos'

2020-01-01 11:15:17,531 INFO Started Nacos in 5.575 seconds (JVM running for 6.07)

2020-01-01 11:15:17,531 INFO Nacos Log files: /Volumes/Software/github/family-training-camp/tomato-clock-backend/nacos/logs/

2020-01-01 11:15:17,531 INFO Nacos Conf files: /Volumes/Software/github/family-training-camp/tomato-clock-backend/nacos/conf/

2020-01-01 11:15:17,531 INFO Nacos Data files: /Volumes/Software/github/family-training-camp/tomato-clock-backend/nacos/data/

2020-01-01 11:15:17,531 INFO Nacos started successfully in stand alone mode.

2020-01-01 11:15:21,710 INFO Initializing Spring DispatcherServlet 'dispatcherServlet'

2020-01-01 11:15:21,710 INFO Initializing Servlet 'dispatcherServlet'

2020-01-01 11:15:21,717 INFO Completed initialization in 7 ms

2020-01-01 11:15:41,466 INFO Invalid JWT signature.

2020-01-01 11:15:41,476 ERROR Responding with unauthorized error. Message - Full authentication is required to access this resource

2020-01-01 11:15:41,487 ERROR Responding with unauthorized error. Message - Full authentication is required to access this resource

2020-01-01 11:17:34,978 ERROR Responding with unauthorized error. Message - Full authentication is required to access this resource

2020-01-01 11:25:16,454 INFO [capacityManagement] start correct usage

2020-01-01 11:25:16,463 INFO [capacityManagement] end correct usage, cost: 0s

2020-01-01 11:25:16,531 WARN clearConfigHistory start

2020-01-01 11:29:22,006 ERROR Responding with unauthorized error. Message - Full authentication is required to access this resource

2020-01-01 11:29:57,553 ERROR Responding with unauthorized error. Message - Full authentication is required to access this resource

2020-01-01 11:35:16,473 INFO [capacityManagement] start correct usage

2020-01-01 11:35:16,476 INFO [capacityManagement] end correct usage, cost: 0s

2020-01-01 11:35:16,545 WARN clearConfigHistory start

2020-01-01 11:45:16,492 INFO [capacityManagement] start correct usage

2020-01-01 11:45:16,494 INFO [capacityManagement] end correct usage, cost: 0s

2020-01-01 11:45:16,561 WARN clearConfigHistory start

2020-01-01 11:55:16,511 INFO [capacityManagement] start correct usage

2020-01-01 11:55:16,513 INFO [capacityManagement] end correct usage, cost: 0s

2020-01-01 11:55:16,577 WARN clearConfigHistory start

2020-01-01 12:05:16,542 INFO [capacityManagement] start correct usage

2020-01-01 12:05:16,544 INFO [capacityManagement] end correct usage, cost: 0s

2020-01-01 12:05:16,609 WARN clearConfigHistory start

2020-01-01 12:15:16,562 INFO [capacityManagement] start correct usage

2020-01-01 12:15:16,563 INFO [capacityManagement] end correct usage, cost: 0s

2020-01-01 12:15:16,629 WARN clearConfigHistory start

2020-01-01 12:25:16,581 INFO [capacityManagement] start correct usage

2020-01-01 12:25:16,583 INFO [capacityManagement] end correct usage, cost: 0s

2020-01-01 12:25:16,647 WARN clearConfigHistory start

2020-01-01 12:35:16,607 INFO [capacityManagement] start correct usage

2020-01-01 12:35:16,608 INFO [capacityManagement] end correct usage, cost: 0s

2020-01-01 12:35:16,668 WARN clearConfigHistory start

2020-01-01 12:45:16,627 INFO [capacityManagement] start correct usage

2020-01-01 12:45:16,629 INFO [capacityManagement] end correct usage, cost: 0s

2020-01-01 12:45:16,686 WARN clearConfigHistory start

2020-01-01 12:55:16,647 INFO [capacityManagement] start correct usage

2020-01-01 12:55:16,696 INFO [capacityManagement] end correct usage, cost: 0s

2020-01-01 12:55:16,703 WARN clearConfigHistory start

2020-01-01 21:13:40,759 INFO Starting Nacos v1.2.0-SNAPSHOT on ZOJIANdeiMac.local with PID 1505 (/Volumes/Software/github/family-training-camp/tomato-clock-backend/nacos/target/nacos-server.jar started by zojian in /Volumes/Software/github/family-training-camp/tomato-clock-backend)

2020-01-01 21:13:40,761 INFO The following profiles are active: standalone

2020-01-01 21:13:42,521 INFO Bean 'org.springframework.security.config.annotation.configuration.ObjectPostProcessorConfiguration' of type [org.springframework.security.config.annotation.configuration.ObjectPostProcessorConfiguration$$EnhancerBySpringCGLIB$$67a503f8] is not eligible for getting processed by all BeanPostProcessors (for example: not eligible for auto-proxying)

2020-01-01 21:13:42,609 INFO Bean 'objectPostProcessor' of type [org.springframework.security.config.annotation.configuration.AutowireBeanFactoryObjectPostProcessor] is not eligible for getting processed by all BeanPostProcessors (for example: not eligible for auto-proxying)

2020-01-01 21:13:42,611 INFO Bean 'org.springframework.security.access.expression.method.DefaultMethodSecurityExpressionHandler@66982506' of type [org.springframework.security.access.expression.method.DefaultMethodSecurityExpressionHandler] is not eligible for getting processed by all BeanPostProcessors (for example: not eligible for auto-proxying)

2020-01-01 21:13:42,613 INFO Bean 'org.springframework.security.config.annotation.method.configuration.GlobalMethodSecurityConfiguration' of type [org.springframework.security.config.annotation.method.configuration.GlobalMethodSecurityConfiguration$$EnhancerBySpringCGLIB$$8c79a6aa] is not eligible for getting processed by all BeanPostProcessors (for example: not eligible for auto-proxying)

2020-01-01 21:13:42,617 INFO Bean 'methodSecurityMetadataSource' of type [org.springframework.security.access.method.DelegatingMethodSecurityMetadataSource] is not eligible for getting processed by all BeanPostProcessors (for example: not eligible for auto-proxying)

2020-01-01 21:13:43,042 INFO Tomcat initialized with port(s): 8848 (http)

2020-01-01 21:13:43,066 INFO Starting service [Tomcat]

2020-01-01 21:13:43,066 INFO Starting Servlet Engine: Apache Tomcat/9.0.13

2020-01-01 21:13:43,078 INFO The APR based Apache Tomcat Native library which allows optimal performance in production environments was not found on the java.library.path: [/Users/zojian/Library/Java/Extensions:/Library/Java/Extensions:/Network/Library/Java/Extensions:/System/Library/Java/Extensions:/usr/lib/java:.]

2020-01-01 21:13:43,156 INFO Initializing Spring embedded WebApplicationContext

2020-01-01 21:13:43,156 INFO Root WebApplicationContext: initialization completed in 2337 ms

2020-01-01 21:13:43,762 INFO Use Mysql 8 as the driver

2020-01-01 21:13:44,960 INFO Initializing ExecutorService 'applicationTaskExecutor'

2020-01-01 21:13:45,106 INFO Adding welcome page: class path resource [static/index.html]

2020-01-01 21:13:45,406 INFO Creating filter chain: Ant [pattern='/'], []

2020-01-01 21:13:45,407 INFO Creating filter chain: Ant [pattern='/**/*.css'], []

2020-01-01 21:13:45,407 INFO Creating filter chain: Ant [pattern='/**/*.js'], []

2020-01-01 21:13:45,407 INFO Creating filter chain: Ant [pattern='/**/*.html'], []

2020-01-01 21:13:45,407 INFO Creating filter chain: Ant [pattern='/**/*.map'], []

2020-01-01 21:13:45,407 INFO Creating filter chain: Ant [pattern='/**/*.svg'], []

2020-01-01 21:13:45,407 INFO Creating filter chain: Ant [pattern='/**/*.png'], []

2020-01-01 21:13:45,407 INFO Creating filter chain: Ant [pattern='/**/*.ico'], []

2020-01-01 21:13:45,407 INFO Creating filter chain: Ant [pattern='/console-fe/public/**'], []

2020-01-01 21:13:45,407 INFO Creating filter chain: Ant [pattern='/v1/auth/login'], []

2020-01-01 21:13:45,407 INFO Creating filter chain: Ant [pattern='/v1/console/health/**'], []

2020-01-01 21:13:45,407 INFO Creating filter chain: Ant [pattern='/v1/cs/**'], []

2020-01-01 21:13:45,407 INFO Creating filter chain: Ant [pattern='/v1/ns/**'], []

2020-01-01 21:13:45,407 INFO Creating filter chain: Ant [pattern='/v1/cmdb/**'], []

2020-01-01 21:13:45,407 INFO Creating filter chain: Ant [pattern='/actuator/**'], []

2020-01-01 21:13:45,407 INFO Creating filter chain: Ant [pattern='/v1/console/server/**'], []

2020-01-01 21:13:45,449 INFO Creating filter chain: any request, [org.springframework.security.web.context.request.async.WebAsyncManagerIntegrationFilter@435871cb, org.springframework.security.web.context.SecurityContextPersistenceFilter@1080b026, org.springframework.security.web.header.HeaderWriterFilter@354fc8f0, org.springframework.web.filter.CorsFilter@8e50104, org.springframework.security.web.authentication.logout.LogoutFilter@f73dcd6, com.alibaba.nacos.console.filter.JwtAuthenticationTokenFilter@609640d5, org.springframework.security.web.savedrequest.RequestCacheAwareFilter@5b07730f, org.springframework.security.web.servletapi.SecurityContextHolderAwareRequestFilter@dcfda20, org.springframework.security.web.authentication.AnonymousAuthenticationFilter@79da1ec0, org.springframework.security.web.session.SessionManagementFilter@4678a2eb, org.springframework.security.web.access.ExceptionTranslationFilter@4879f0f2, org.springframework.security.web.access.intercept.FilterSecurityInterceptor@75ed9710]

2020-01-01 21:13:45,563 INFO Exposing 2 endpoint(s) beneath base path '/actuator'

2020-01-01 21:13:45,610 INFO Initializing ExecutorService 'taskScheduler'

2020-01-01 21:13:45,819 INFO Tomcat started on port(s): 8848 (http) with context path '/nacos'

2020-01-01 21:13:45,848 INFO Started Nacos in 5.729 seconds (JVM running for 6.288)

2020-01-01 21:13:45,848 INFO Nacos Log files: /Volumes/Software/github/family-training-camp/tomato-clock-backend/nacos/logs/

2020-01-01 21:13:45,848 INFO Nacos Conf files: /Volumes/Software/github/family-training-camp/tomato-clock-backend/nacos/conf/

2020-01-01 21:13:45,848 INFO Nacos Data files: /Volumes/Software/github/family-training-camp/tomato-clock-backend/nacos/data/

2020-01-01 21:13:45,848 INFO Nacos started successfully in stand alone mode.

2020-01-01 21:13:49,743 INFO Initializing Spring DispatcherServlet 'dispatcherServlet'

2020-01-01 21:13:49,743 INFO Initializing Servlet 'dispatcherServlet'

2020-01-01 21:13:49,751 INFO Completed initialization in 8 ms

2020-01-01 21:14:32,143 INFO Invalid JWT signature.

2020-01-01 21:14:32,154 ERROR Responding with unauthorized error. Message - Full authentication is required to access this resource

2020-01-01 21:14:32,165 ERROR Responding with unauthorized error. Message - Full authentication is required to access this resource

2020-01-01 21:23:44,453 INFO [capacityManagement] start correct usage

2020-01-01 21:23:44,477 INFO [capacityManagement] end correct usage, cost: 0s

2020-01-01 21:23:44,544 WARN clearConfigHistory start

2020-01-01 21:33:44,497 INFO [capacityManagement] start correct usage

2020-01-01 21:33:44,499 INFO [capacityManagement] end correct usage, cost: 0s

2020-01-01 21:33:44,566 WARN clearConfigHistory start

2020-01-01 21:43:44,517 INFO [capacityManagement] start correct usage

2020-01-01 21:43:44,552 INFO [capacityManagement] end correct usage, cost: 0s

2020-01-01 21:43:44,586 WARN clearConfigHistory start

2020-01-01 21:53:44,571 INFO [capacityManagement] start correct usage

2020-01-01 21:53:44,573 INFO [capacityManagement] end correct usage, cost: 0s

2020-01-01 21:53:44,606 WARN clearConfigHistory start

2020-01-01 22:03:44,597 INFO [capacityManagement] start correct usage

2020-01-01 22:03:44,599 INFO [capacityManagement] end correct usage, cost: 0s

2020-01-01 22:03:44,631 WARN clearConfigHistory start

2020-01-01 22:06:08,529 INFO Expired JWT token.

2020-01-01 22:06:08,529 ERROR Responding with unauthorized error. Message - Full authentication is required to access this resource

2020-01-01 22:06:08,586 ERROR Responding with unauthorized error. Message - Full authentication is required to access this resource

2020-01-01 22:13:44,619 INFO [capacityManagement] start correct usage

2020-01-01 22:13:44,620 INFO [capacityManagement] end correct usage, cost: 0s

2020-01-01 22:13:44,648 WARN clearConfigHistory start

2020-01-01 22:23:44,640 INFO [capacityManagement] start correct usage

2020-01-01 22:23:44,642 INFO [capacityManagement] end correct usage, cost: 0s

2020-01-01 22:23:44,669 WARN clearConfigHistory start

