2020-01-01 11:15:46,753 INFO PERFORMANCE:|1|1|-1|-1

2020-01-01 11:20:46,763 INFO PERFORMANCE:|1|1|-1|-1

2020-01-01 11:25:46,774 INFO PERFORMANCE:|1|1|-1|-1

2020-01-01 11:30:46,777 INFO PERFORMANCE:|2|2|-1|-1

2020-01-01 11:35:46,789 INFO PERFORMANCE:|2|2|-1|-1

2020-01-01 11:40:46,796 INFO PERFORMANCE:|2|2|-1|-1

2020-01-01 11:45:46,807 INFO PERFORMANCE:|2|2|-1|-1

2020-01-01 11:50:46,819 INFO PERFORMANCE:|2|2|-1|-1

2020-01-01 11:55:46,834 INFO PERFORMANCE:|2|2|-1|-1

2020-01-01 12:00:46,846 INFO PERFORMANCE:|2|2|-1|-1

2020-01-01 12:05:46,855 INFO PERFORMANCE:|2|2|-1|-1

2020-01-01 12:10:46,864 INFO PERFORMANCE:|2|2|-1|-1

2020-01-01 12:15:46,874 INFO PERFORMANCE:|2|2|-1|-1

2020-01-01 12:20:46,886 INFO PERFORMANCE:|2|2|-1|-1

2020-01-01 12:25:46,898 INFO PERFORMANCE:|2|2|-1|-1

2020-01-01 12:30:46,912 INFO PERFORMANCE:|2|2|-1|-1

2020-01-01 12:35:46,924 INFO PERFORMANCE:|2|2|-1|-1

2020-01-01 12:40:46,935 INFO PERFORMANCE:|2|2|-1|-1

2020-01-01 12:45:46,945 INFO PERFORMANCE:|2|2|-1|-1

2020-01-01 12:50:46,953 INFO PERFORMANCE:|2|2|-1|-1

2020-01-01 21:14:14,796 INFO PERFORMANCE:|2|2|-1|-1

2020-01-01 21:19:14,806 INFO PERFORMANCE:|2|2|-1|-1

2020-01-01 21:24:14,838 INFO PERFORMANCE:|2|2|-1|-1

2020-01-01 21:29:14,848 INFO PERFORMANCE:|2|2|-1|-1

2020-01-01 21:34:14,857 INFO PERFORMANCE:|2|2|-1|-1

2020-01-01 21:39:14,867 INFO PERFORMANCE:|2|1|-1|-1

2020-01-01 21:44:14,879 INFO PERFORMANCE:|2|1|-1|-1

2020-01-01 21:49:14,888 INFO PERFORMANCE:|2|2|-1|-1

2020-01-01 21:54:14,897 INFO PERFORMANCE:|2|2|-1|-1

2020-01-01 21:59:14,911 INFO PERFORMANCE:|2|2|-1|-1

2020-01-01 22:04:14,924 INFO PERFORMANCE:|2|2|-1|-1

2020-01-01 22:09:14,934 INFO PERFORMANCE:|2|2|-1|-1

2020-01-01 22:14:14,946 INFO PERFORMANCE:|2|2|-1|-1

2020-01-01 22:19:14,957 INFO PERFORMANCE:|2|2|-1|-1

2020-01-01 22:24:14,968 INFO PERFORMANCE:|2|2|-1|-1

