/Library/Java/JavaVirtualMachines/jdk1.8.0_201.jdk/Contents/Home/bin/java  -Xms512m -Xmx512m -Xmn256m -Dnacos.standalone=true -Djava.ext.dirs=/Library/Java/JavaVirtualMachines/jdk1.8.0_201.jdk/Contents/Home/jre/lib/ext:/Library/Java/JavaVirtualMachines/jdk1.8.0_201.jdk/Contents/Home/lib/ext -Xloggc:/Volumes/Software/github/family-training-camp/tomato-clock-backend/nacos/logs/nacos_gc.log -verbose:gc -XX:+PrintGCDetails -XX:+PrintGCDateStamps -XX:+PrintGCTimeStamps -XX:+UseGCLogFileRotation -XX:NumberOfGCLogFiles=10 -XX:GCLogFileSize=100M -Dloader.path=/Volumes/Software/github/family-training-camp/tomato-clock-backend/nacos/plugins/health,/Volumes/Software/github/family-training-camp/tomato-clock-backend/nacos/plugins/cmdb,/Volumes/Software/github/family-training-camp/tomato-clock-backend/nacos/plugins/mysql -Dnacos.home=/Volumes/Software/github/family-training-camp/tomato-clock-backend/nacos -jar /Volumes/Software/github/family-training-camp/tomato-clock-backend/nacos/target/nacos-server.jar  --spring.config.location=classpath:/,classpath:/config/,file:./,file:./config/,file:/Volumes/Software/github/family-training-camp/tomato-clock-backend/nacos/conf/ --logging.config=/Volumes/Software/github/family-training-camp/tomato-clock-backend/nacos/conf/nacos-logback.xml --server.max-http-header-size=524288

         ,--.
       ,--.'|
   ,--,:  : |                                           Nacos 1.2.0-SNAPSHOT
,`--.'`|  ' :                       ,---.               Running in stand alone mode, All function modules
|   :  :  | |                      '   ,'\   .--.--.    Port: 8848
:   |   \ | :  ,--.--.     ,---.  /   /   | /  /    '   Pid: 1505
|   : '  '; | /       \   /     \.   ; ,. :|  :  /`./   Console: http://192.168.0.106:8848/nacos/index.html
'   ' ;.    ;.--.  .-. | /    / ''   | |: :|  :  ;_
|   | | \   | \__\/: . ..    ' / '   | .; : \  \    `.      https://nacos.io
'   : |  ; .' ," .--.; |'   ; :__|   :    |  `----.   \
|   | '`--'  /  /  ,.  |'   | '.'|\   \  /  /  /`--'  /
'   : |     ;  :   .'   \   :    : `----'  '--'.     /
;   |.'     |  ,     .-./\   \  /            `--'---'
'---'        `--`---'     `----'

2020-01-01 21:13:42,521 INFO Bean 'org.springframework.security.config.annotation.configuration.ObjectPostProcessorConfiguration' of type [org.springframework.security.config.annotation.configuration.ObjectPostProcessorConfiguration$$EnhancerBySpringCGLIB$$67a503f8] is not eligible for getting processed by all BeanPostProcessors (for example: not eligible for auto-proxying)

2020-01-01 21:13:42,609 INFO Bean 'objectPostProcessor' of type [org.springframework.security.config.annotation.configuration.AutowireBeanFactoryObjectPostProcessor] is not eligible for getting processed by all BeanPostProcessors (for example: not eligible for auto-proxying)

2020-01-01 21:13:42,611 INFO Bean 'org.springframework.security.access.expression.method.DefaultMethodSecurityExpressionHandler@66982506' of type [org.springframework.security.access.expression.method.DefaultMethodSecurityExpressionHandler] is not eligible for getting processed by all BeanPostProcessors (for example: not eligible for auto-proxying)

2020-01-01 21:13:42,613 INFO Bean 'org.springframework.security.config.annotation.method.configuration.GlobalMethodSecurityConfiguration' of type [org.springframework.security.config.annotation.method.configuration.GlobalMethodSecurityConfiguration$$EnhancerBySpringCGLIB$$8c79a6aa] is not eligible for getting processed by all BeanPostProcessors (for example: not eligible for auto-proxying)

2020-01-01 21:13:42,617 INFO Bean 'methodSecurityMetadataSource' of type [org.springframework.security.access.method.DelegatingMethodSecurityMetadataSource] is not eligible for getting processed by all BeanPostProcessors (for example: not eligible for auto-proxying)

2020-01-01 21:13:43,042 INFO Tomcat initialized with port(s): 8848 (http)

2020-01-01 21:13:43,156 INFO Root WebApplicationContext: initialization completed in 2337 ms

2020-01-01 21:13:44,960 INFO Initializing ExecutorService 'applicationTaskExecutor'

2020-01-01 21:13:45,106 INFO Adding welcome page: class path resource [static/index.html]

2020-01-01 21:13:45,406 INFO Creating filter chain: Ant [pattern='/'], []

2020-01-01 21:13:45,407 INFO Creating filter chain: Ant [pattern='/**/*.css'], []

2020-01-01 21:13:45,407 INFO Creating filter chain: Ant [pattern='/**/*.js'], []

2020-01-01 21:13:45,407 INFO Creating filter chain: Ant [pattern='/**/*.html'], []

2020-01-01 21:13:45,407 INFO Creating filter chain: Ant [pattern='/**/*.map'], []

2020-01-01 21:13:45,407 INFO Creating filter chain: Ant [pattern='/**/*.svg'], []

2020-01-01 21:13:45,407 INFO Creating filter chain: Ant [pattern='/**/*.png'], []

2020-01-01 21:13:45,407 INFO Creating filter chain: Ant [pattern='/**/*.ico'], []

2020-01-01 21:13:45,407 INFO Creating filter chain: Ant [pattern='/console-fe/public/**'], []

2020-01-01 21:13:45,407 INFO Creating filter chain: Ant [pattern='/v1/auth/login'], []

2020-01-01 21:13:45,407 INFO Creating filter chain: Ant [pattern='/v1/console/health/**'], []

2020-01-01 21:13:45,407 INFO Creating filter chain: Ant [pattern='/v1/cs/**'], []

2020-01-01 21:13:45,407 INFO Creating filter chain: Ant [pattern='/v1/ns/**'], []

2020-01-01 21:13:45,407 INFO Creating filter chain: Ant [pattern='/v1/cmdb/**'], []

2020-01-01 21:13:45,407 INFO Creating filter chain: Ant [pattern='/actuator/**'], []

2020-01-01 21:13:45,407 INFO Creating filter chain: Ant [pattern='/v1/console/server/**'], []

2020-01-01 21:13:45,449 INFO Creating filter chain: any request, [org.springframework.security.web.context.request.async.WebAsyncManagerIntegrationFilter@435871cb, org.springframework.security.web.context.SecurityContextPersistenceFilter@1080b026, org.springframework.security.web.header.HeaderWriterFilter@354fc8f0, org.springframework.web.filter.CorsFilter@8e50104, org.springframework.security.web.authentication.logout.LogoutFilter@f73dcd6, com.alibaba.nacos.console.filter.JwtAuthenticationTokenFilter@609640d5, org.springframework.security.web.savedrequest.RequestCacheAwareFilter@5b07730f, org.springframework.security.web.servletapi.SecurityContextHolderAwareRequestFilter@dcfda20, org.springframework.security.web.authentication.AnonymousAuthenticationFilter@79da1ec0, org.springframework.security.web.session.SessionManagementFilter@4678a2eb, org.springframework.security.web.access.ExceptionTranslationFilter@4879f0f2, org.springframework.security.web.access.intercept.FilterSecurityInterceptor@75ed9710]

2020-01-01 21:13:45,563 INFO Exposing 2 endpoint(s) beneath base path '/actuator'

2020-01-01 21:13:45,610 INFO Initializing ExecutorService 'taskScheduler'

2020-01-01 21:13:45,819 INFO Tomcat started on port(s): 8848 (http) with context path '/nacos'

2020-01-01 21:13:45,848 INFO Nacos Log files: /Volumes/Software/github/family-training-camp/tomato-clock-backend/nacos/logs/

2020-01-01 21:13:45,848 INFO Nacos Conf files: /Volumes/Software/github/family-training-camp/tomato-clock-backend/nacos/conf/

2020-01-01 21:13:45,848 INFO Nacos Data files: /Volumes/Software/github/family-training-camp/tomato-clock-backend/nacos/data/

2020-01-01 21:13:45,848 INFO Nacos started successfully in stand alone mode.

2020-01-01 21:13:49,743 INFO Initializing Servlet 'dispatcherServlet'

2020-01-01 21:13:49,751 INFO Completed initialization in 8 ms

